[2025-11-07 12:49:26] Running backup script...
[2025-11-07 12:49:26] Backup failed!
[2025-11-07 12:49:45] Starting system update & cleanup...
[2025-11-07 12:49:45] Update & cleanup failed!
[2025-11-07 12:49:50] Monitoring system logs...
[2025-11-07 12:49:50] Log monitoring failed!
[2025-11-07 12:50:04] Running backup script...
[2025-11-07 12:50:04] Backup failed!
[2025-11-07 12:52:19] Starting system update & cleanup...
[2025-11-07 12:52:19] Update & cleanup failed!
[2025-11-07 12:55:57] Starting system update & cleanup...
[2025-11-07 12:55:57] Update & cleanup failed!
[2025-11-07 12:55:59] Monitoring system logs...
[2025-11-07 12:55:59] Log monitoring failed!
[2025-11-07 12:56:13] Exiting Maintenance Suite.
[2025-11-07 13:02:31] Running backup script...
[2025-11-07 13:02:31] Backup failed!
[2025-11-07 13:03:02] Exiting Maintenance Suite.
[2025-11-07 13:05:16] Running backup script...
[2025-11-07 13:05:16] Backup failed!
[2025-11-07 13:05:51] Exiting Maintenance Suite.
[2025-11-07 13:20:55] Running backup script...
[2025-11-07 13:20:56] Backup completed successfully.
[2025-11-07 13:20:58] Starting system update & cleanup...
[2025-11-07 13:21:24] System update & cleanup completed.
[2025-11-07 13:22:25] Running backup script...
[2025-11-07 13:22:25] Backup completed successfully.
[2025-11-07 13:22:28] Starting system update & cleanup...
[2025-11-07 13:22:33] System update & cleanup completed.
[2025-11-07 13:22:51] Running backup script...
[2025-11-07 13:22:51] Backup completed successfully.
[2025-11-07 13:23:05] Running log monitor...
[2025-11-07 13:23:05] Log monitor completed.
[2025-11-07 13:23:08] Running log monitor...
[2025-11-07 13:23:08] Log monitor completed.
[2025-11-07 13:23:29] Running backup script...
[2025-11-07 13:23:29] Backup completed successfully.
[2025-11-07 13:23:32] Starting system update & cleanup...
[2025-11-07 13:23:37] System update & cleanup completed.
[2025-11-07 13:23:41] Running log monitor...
[2025-11-07 13:23:41] Log monitor completed.
[2025-11-07 13:26:10] Exiting Maintenance Suite.
[2025-11-07 13:31:21] Running backup script...
[2025-11-07 13:31:29] Backup completed successfully.
[2025-11-07 13:31:33] Starting system update & cleanup...
[2025-11-07 13:31:37] System update & cleanup completed.
[2025-11-07 13:31:42] Running log monitor...
[2025-11-07 13:31:42] Log monitor completed.
[2025-11-07 13:36:01] Exiting Maintenance Suite.
[2025-11-07 14:29:14] Running backup script...
[2025-11-07 14:29:21] Backup completed successfully.
[2025-11-07 14:33:00] Exiting Maintenance Suite.
[2025-11-07 14:33:09] Exiting Maintenance Suite.
[2025-11-07 14:33:16] Running backup script...
[2025-11-07 14:33:16] Backup completed successfully.
[2025-11-07 14:33:22] Starting system update & cleanup...
[2025-11-07 14:33:27] System update & cleanup completed.
[2025-11-07 14:41:17] Starting system update & cleanup...
[2025-11-07 14:41:24] System update & cleanup completed.
[2025-11-07 14:42:27] Running log monitor...
[2025-11-07 14:42:27] Log monitor completed.
[2025-11-07 14:45:21] Running backup script...
[2025-11-07 14:45:21] Backup completed successfully.
[2025-11-07 14:45:45] Running log monitor...
[2025-11-07 14:45:45] Log monitor completed.
[2025-11-07 14:45:55] Starting system update & cleanup...
[2025-11-07 14:46:00] System update & cleanup completed.
[2025-11-07 14:46:39] Running log monitor...
[2025-11-07 14:46:39] Log monitor completed.
[2025-11-07 14:47:51] Exiting Maintenance Suite.
[2025-11-07 14:54:48] Running backup script...
[2025-11-07 14:54:49] Backup completed successfully.
[2025-11-07 14:54:52] Starting system update & cleanup...
[2025-11-07 14:54:57] System update & cleanup completed.
[2025-11-07 17:18:18] Running backup script...
[2025-11-07 17:18:26] Backup completed successfully.
[2025-11-07 17:18:30] Starting system update & cleanup...
[2025-11-07 17:18:41] System update & cleanup completed.
[2025-11-07 17:18:43] Running log monitor...
[2025-11-07 17:18:43] Log monitor completed.
